2025-07-19 01:12:19,456 - WARNING - PAID AMOUNT NEGATIVE. RECORD FLAGGED. {'event_id': 'E002', 'vehicle_id': 'V002', 'zone_id': 'Z002', 'entry_time': Timestamp('2024-07-18 09:00:00'), 'exit_time': Timestamp('2024-07-18 11:00:00'), 'paid_amount': -80.0, 'exit-entry': 120.0, 'flagged': 1}
2025-07-19 01:12:19,462 - WARNING - INVALID EXIT-ENTRY TIME. RECORD FLAGGED. {'event_id': 'E012', 'vehicle_id': 'V005', 'zone_id': 'Z001', 'entry_time': Timestamp('2024-07-18 13:00:00'), 'exit_time': Timestamp('2024-07-18 12:00:00'), 'paid_amount': 20.0, 'exit-entry': -60.0, 'flagged': 1}
2025-07-19 01:12:19,462 - WARNING - INVALID EXIT-ENTRY TIME. RECORD FLAGGED. {'event_id': 'E014', 'vehicle_id': 'V056', 'zone_id': 'Z001', 'entry_time': Timestamp('2024-07-18 14:00:00'), 'exit_time': Timestamp('2024-07-18 12:00:00'), 'paid_amount': 20.0, 'exit-entry': -120.0, 'flagged': 1}
2025-07-19 10:20:56,372 - WARNING - PAID AMOUNT NEGATIVE. RECORD FLAGGED. {'event_id': 'E002', 'vehicle_id': 'V002', 'zone_id': 'Z002', 'entry_time': Timestamp('2024-07-18 09:00:00'), 'exit_time': Timestamp('2024-07-18 11:00:00'), 'paid_amount': -80.0, 'exit-entry': 120.0, 'flagged': 1}
2025-07-19 10:20:56,384 - WARNING - INVALID EXIT-ENTRY TIME. RECORD FLAGGED. {'event_id': 'E012', 'vehicle_id': 'V005', 'zone_id': 'Z001', 'entry_time': Timestamp('2024-07-18 13:00:00'), 'exit_time': Timestamp('2024-07-18 12:00:00'), 'paid_amount': 20.0, 'exit-entry': -60.0, 'flagged': 1}
2025-07-19 10:20:56,385 - WARNING - INVALID EXIT-ENTRY TIME. RECORD FLAGGED. {'event_id': 'E014', 'vehicle_id': 'V056', 'zone_id': 'Z001', 'entry_time': Timestamp('2024-07-18 14:00:00'), 'exit_time': Timestamp('2024-07-18 12:00:00'), 'paid_amount': 20.0, 'exit-entry': -120.0, 'flagged': 1}
2025-07-19 10:23:21,216 - WARNING - INVALID EXIT!! {'event_id': 'E012', 'vehicle_id': 'V005', 'zone_id': 'Z001', 'entry_time': Timestamp('2024-07-18 13:00:00'), 'exit_time': Timestamp('2024-07-18 12:00:00'), 'paid_amount': 20.0, 'exit-entry': -60.0}
2025-07-19 10:23:21,217 - WARNING - INVALID EXIT!! {'event_id': 'E014', 'vehicle_id': 'V056', 'zone_id': 'Z001', 'entry_time': Timestamp('2024-07-18 14:00:00'), 'exit_time': Timestamp('2024-07-18 12:00:00'), 'paid_amount': 20.0, 'exit-entry': -120.0}
2025-07-19 10:23:23,657 - WARNING - PAID AMOUNT NEGATIVE. RECORD FLAGGED. {'event_id': 'E002', 'vehicle_id': 'V002', 'zone_id': 'Z002', 'entry_time': Timestamp('2024-07-18 09:00:00'), 'exit_time': Timestamp('2024-07-18 11:00:00'), 'paid_amount': -80.0, 'exit-entry': 120.0, 'flagged': 1}
2025-07-19 10:23:23,668 - WARNING - INVALID EXIT-ENTRY TIME. RECORD FLAGGED. {'event_id': 'E012', 'vehicle_id': 'V005', 'zone_id': 'Z001', 'entry_time': Timestamp('2024-07-18 13:00:00'), 'exit_time': Timestamp('2024-07-18 12:00:00'), 'paid_amount': 20.0, 'exit-entry': -60.0, 'flagged': 1}
2025-07-19 10:23:23,670 - WARNING - INVALID EXIT-ENTRY TIME. RECORD FLAGGED. {'event_id': 'E014', 'vehicle_id': 'V056', 'zone_id': 'Z001', 'entry_time': Timestamp('2024-07-18 14:00:00'), 'exit_time': Timestamp('2024-07-18 12:00:00'), 'paid_amount': 20.0, 'exit-entry': -120.0, 'flagged': 1}
2025-07-19 10:31:18,094 - WARNING - INVALID EXIT!! {'event_id': 'E006', 'vehicle_id': 'V005', 'zone_id': 'Z003', 'entry_time': Timestamp('2024-07-15 18:00:00'), 'exit_time': Timestamp('2024-07-15 15:30:00'), 'paid_amount': 15.0, 'exit-entry': -150.0}
2025-07-19 10:31:18,095 - WARNING - INVALID EXIT!! {'event_id': 'E012', 'vehicle_id': 'V005', 'zone_id': 'Z001', 'entry_time': Timestamp('2024-07-18 13:00:00'), 'exit_time': Timestamp('2024-07-18 12:00:00'), 'paid_amount': -20.0, 'exit-entry': -60.0}
2025-07-19 10:31:18,096 - WARNING - INVALID EXIT!! {'event_id': 'E014', 'vehicle_id': 'V056', 'zone_id': 'Z001', 'entry_time': Timestamp('2024-07-18 14:00:00'), 'exit_time': Timestamp('2024-07-18 12:00:00'), 'paid_amount': 20.0, 'exit-entry': -120.0}
2025-07-19 10:31:18,097 - WARNING - INVALID EXIT!! {'event_id': 'E022', 'vehicle_id': 'V015', 'zone_id': 'Z004', 'entry_time': Timestamp('2024-07-18 12:15:00'), 'exit_time': Timestamp('2024-07-18 10:45:00'), 'paid_amount': 35.0, 'exit-entry': -90.0}
2025-07-19 10:31:26,127 - WARNING - PAID AMOUNT NEGATIVE. RECORD FLAGGED. {'event_id': 'E002', 'vehicle_id': 'V002', 'zone_id': 'Z002', 'entry_time': Timestamp('2024-07-18 09:00:00'), 'exit_time': Timestamp('2024-07-18 11:00:00'), 'paid_amount': -80.0, 'exit-entry': 120.0, 'flagged': 1}
2025-07-19 10:31:26,139 - WARNING - INVALID EXIT-ENTRY TIME. RECORD FLAGGED. {'event_id': 'E006', 'vehicle_id': 'V005', 'zone_id': 'Z003', 'entry_time': Timestamp('2024-07-15 18:00:00'), 'exit_time': Timestamp('2024-07-15 15:30:00'), 'paid_amount': 15.0, 'exit-entry': -150.0, 'flagged': 1}
2025-07-19 10:31:26,140 - WARNING - PAID AMOUNT NEGATIVE. RECORD FLAGGED. {'event_id': 'E007', 'vehicle_id': 'V002', 'zone_id': 'Z001', 'entry_time': Timestamp('2024-07-14 08:00:00'), 'exit_time': Timestamp('2024-07-14 09:00:00'), 'paid_amount': -50.0, 'exit-entry': 60.0, 'flagged': 1}
2025-07-19 10:31:26,141 - WARNING - PAID AMOUNT NEGATIVE. RECORD FLAGGED. {'event_id': 'E012', 'vehicle_id': 'V005', 'zone_id': 'Z001', 'entry_time': Timestamp('2024-07-18 13:00:00'), 'exit_time': Timestamp('2024-07-18 12:00:00'), 'paid_amount': -20.0, 'exit-entry': -60.0, 'flagged': 1}
2025-07-19 10:31:26,142 - WARNING - INVALID EXIT-ENTRY TIME. RECORD FLAGGED. {'event_id': 'E012', 'vehicle_id': 'V005', 'zone_id': 'Z001', 'entry_time': Timestamp('2024-07-18 13:00:00'), 'exit_time': Timestamp('2024-07-18 12:00:00'), 'paid_amount': -20.0, 'exit-entry': -60.0, 'flagged': 1}
2025-07-19 10:31:26,143 - WARNING - INVALID EXIT-ENTRY TIME. RECORD FLAGGED. {'event_id': 'E014', 'vehicle_id': 'V056', 'zone_id': 'Z001', 'entry_time': Timestamp('2024-07-18 14:00:00'), 'exit_time': Timestamp('2024-07-18 12:00:00'), 'paid_amount': 20.0, 'exit-entry': -120.0, 'flagged': 1}
2025-07-19 10:31:26,144 - WARNING - PAID AMOUNT NEGATIVE. RECORD FLAGGED. {'event_id': 'E017', 'vehicle_id': 'V010', 'zone_id': 'Z004', 'entry_time': Timestamp('2024-07-19 09:15:00'), 'exit_time': Timestamp('2024-07-19 10:00:00'), 'paid_amount': -30.0, 'exit-entry': 45.0, 'flagged': 1}
2025-07-19 10:31:26,145 - WARNING - INVALID EXIT-ENTRY TIME. RECORD FLAGGED. {'event_id': 'E022', 'vehicle_id': 'V015', 'zone_id': 'Z004', 'entry_time': Timestamp('2024-07-18 12:15:00'), 'exit_time': Timestamp('2024-07-18 10:45:00'), 'paid_amount': 35.0, 'exit-entry': -90.0, 'flagged': 1}
2025-07-19 11:05:48,190 - WARNING - INVALID EXIT!! {'event_id': 'E006', 'vehicle_id': 'V005', 'zone_id': 'Z003', 'entry_time': Timestamp('2024-07-15 18:00:00'), 'exit_time': Timestamp('2024-07-15 15:30:00'), 'paid_amount': 15.0, 'exit-entry': -150.0}
2025-07-19 11:05:48,191 - WARNING - INVALID EXIT!! {'event_id': 'E012', 'vehicle_id': 'V005', 'zone_id': 'Z001', 'entry_time': Timestamp('2024-07-18 13:00:00'), 'exit_time': Timestamp('2024-07-18 12:00:00'), 'paid_amount': -20.0, 'exit-entry': -60.0}
2025-07-19 11:05:48,191 - WARNING - INVALID EXIT!! {'event_id': 'E014', 'vehicle_id': 'V056', 'zone_id': 'Z001', 'entry_time': Timestamp('2024-07-18 14:00:00'), 'exit_time': Timestamp('2024-07-18 12:00:00'), 'paid_amount': 20.0, 'exit-entry': -120.0}
2025-07-19 11:05:48,192 - WARNING - INVALID EXIT!! {'event_id': 'E022', 'vehicle_id': 'V015', 'zone_id': 'Z004', 'entry_time': Timestamp('2024-07-18 12:15:00'), 'exit_time': Timestamp('2024-07-18 10:45:00'), 'paid_amount': 35.0, 'exit-entry': -90.0}
2025-07-19 11:06:16,679 - WARNING - PAID AMOUNT NEGATIVE. RECORD FLAGGED. {'event_id': 'E002', 'vehicle_id': 'V002', 'zone_id': 'Z002', 'entry_time': Timestamp('2024-07-18 09:00:00'), 'exit_time': Timestamp('2024-07-18 11:00:00'), 'paid_amount': -80.0, 'exit-entry': 120.0, 'flagged': 1}
2025-07-19 11:06:16,687 - WARNING - INVALID EXIT-ENTRY TIME. RECORD FLAGGED. {'event_id': 'E006', 'vehicle_id': 'V005', 'zone_id': 'Z003', 'entry_time': Timestamp('2024-07-15 18:00:00'), 'exit_time': Timestamp('2024-07-15 15:30:00'), 'paid_amount': 15.0, 'exit-entry': -150.0, 'flagged': 1}
2025-07-19 11:06:16,688 - WARNING - PAID AMOUNT NEGATIVE. RECORD FLAGGED. {'event_id': 'E007', 'vehicle_id': 'V002', 'zone_id': 'Z001', 'entry_time': Timestamp('2024-07-14 08:00:00'), 'exit_time': Timestamp('2024-07-14 09:00:00'), 'paid_amount': -50.0, 'exit-entry': 60.0, 'flagged': 1}
2025-07-19 11:06:16,688 - WARNING - PAID AMOUNT NEGATIVE. RECORD FLAGGED. {'event_id': 'E012', 'vehicle_id': 'V005', 'zone_id': 'Z001', 'entry_time': Timestamp('2024-07-18 13:00:00'), 'exit_time': Timestamp('2024-07-18 12:00:00'), 'paid_amount': -20.0, 'exit-entry': -60.0, 'flagged': 1}
2025-07-19 11:06:16,689 - WARNING - INVALID EXIT-ENTRY TIME. RECORD FLAGGED. {'event_id': 'E012', 'vehicle_id': 'V005', 'zone_id': 'Z001', 'entry_time': Timestamp('2024-07-18 13:00:00'), 'exit_time': Timestamp('2024-07-18 12:00:00'), 'paid_amount': -20.0, 'exit-entry': -60.0, 'flagged': 1}
2025-07-19 11:06:16,689 - WARNING - INVALID EXIT-ENTRY TIME. RECORD FLAGGED. {'event_id': 'E014', 'vehicle_id': 'V056', 'zone_id': 'Z001', 'entry_time': Timestamp('2024-07-18 14:00:00'), 'exit_time': Timestamp('2024-07-18 12:00:00'), 'paid_amount': 20.0, 'exit-entry': -120.0, 'flagged': 1}
2025-07-19 11:06:16,690 - WARNING - PAID AMOUNT NEGATIVE. RECORD FLAGGED. {'event_id': 'E017', 'vehicle_id': 'V010', 'zone_id': 'Z004', 'entry_time': Timestamp('2024-07-19 09:15:00'), 'exit_time': Timestamp('2024-07-19 10:00:00'), 'paid_amount': -30.0, 'exit-entry': 45.0, 'flagged': 1}
2025-07-19 11:06:16,691 - WARNING - INVALID EXIT-ENTRY TIME. RECORD FLAGGED. {'event_id': 'E022', 'vehicle_id': 'V015', 'zone_id': 'Z004', 'entry_time': Timestamp('2024-07-18 12:15:00'), 'exit_time': Timestamp('2024-07-18 10:45:00'), 'paid_amount': 35.0, 'exit-entry': -90.0, 'flagged': 1}
2025-07-19 12:21:25,435 - WARNING - PAID AMOUNT NEGATIVE. RECORD FLAGGED. {'event_id': 'E002', 'vehicle_id': 'V002', 'zone_id': 'Z002', 'entry_time': Timestamp('2024-07-18 09:00:00'), 'exit_time': Timestamp('2024-07-18 11:00:00'), 'paid_amount': -80.0, 'exit-entry': 120.0, 'flagged': 1}
2025-07-19 12:21:25,442 - WARNING - INVALID EXIT-ENTRY TIME. RECORD FLAGGED. {'event_id': 'E006', 'vehicle_id': 'V005', 'zone_id': 'Z003', 'entry_time': Timestamp('2024-07-15 18:00:00'), 'exit_time': Timestamp('2024-07-15 15:30:00'), 'paid_amount': 15.0, 'exit-entry': -150.0, 'flagged': 1}
2025-07-19 12:21:25,443 - WARNING - PAID AMOUNT NEGATIVE. RECORD FLAGGED. {'event_id': 'E007', 'vehicle_id': 'V002', 'zone_id': 'Z001', 'entry_time': Timestamp('2024-07-14 08:00:00'), 'exit_time': Timestamp('2024-07-14 09:00:00'), 'paid_amount': -50.0, 'exit-entry': 60.0, 'flagged': 1}
2025-07-19 12:21:25,444 - WARNING - PAID AMOUNT NEGATIVE. RECORD FLAGGED. {'event_id': 'E012', 'vehicle_id': 'V005', 'zone_id': 'Z001', 'entry_time': Timestamp('2024-07-18 13:00:00'), 'exit_time': Timestamp('2024-07-18 12:00:00'), 'paid_amount': -20.0, 'exit-entry': -60.0, 'flagged': 1}
2025-07-19 12:21:25,444 - WARNING - INVALID EXIT-ENTRY TIME. RECORD FLAGGED. {'event_id': 'E012', 'vehicle_id': 'V005', 'zone_id': 'Z001', 'entry_time': Timestamp('2024-07-18 13:00:00'), 'exit_time': Timestamp('2024-07-18 12:00:00'), 'paid_amount': -20.0, 'exit-entry': -60.0, 'flagged': 1}
2025-07-19 12:21:25,445 - WARNING - INVALID EXIT-ENTRY TIME. RECORD FLAGGED. {'event_id': 'E014', 'vehicle_id': 'V056', 'zone_id': 'Z001', 'entry_time': Timestamp('2024-07-18 14:00:00'), 'exit_time': Timestamp('2024-07-18 12:00:00'), 'paid_amount': 20.0, 'exit-entry': -120.0, 'flagged': 1}
2025-07-19 12:21:25,445 - WARNING - PAID AMOUNT NEGATIVE. RECORD FLAGGED. {'event_id': 'E017', 'vehicle_id': 'V010', 'zone_id': 'Z004', 'entry_time': Timestamp('2024-07-19 09:15:00'), 'exit_time': Timestamp('2024-07-19 10:00:00'), 'paid_amount': -30.0, 'exit-entry': 45.0, 'flagged': 1}
2025-07-19 12:21:25,446 - WARNING - INVALID EXIT-ENTRY TIME. RECORD FLAGGED. {'event_id': 'E022', 'vehicle_id': 'V015', 'zone_id': 'Z004', 'entry_time': Timestamp('2024-07-18 12:15:00'), 'exit_time': Timestamp('2024-07-18 10:45:00'), 'paid_amount': 35.0, 'exit-entry': -90.0, 'flagged': 1}
2025-07-19 14:34:06,220 - WARNING - INVALID EXIT!! {'event_id': 'E006', 'vehicle_id': 'V005', 'zone_id': 'Z003', 'entry_time': Timestamp('2024-07-15 18:00:00'), 'exit_time': Timestamp('2024-07-15 15:30:00'), 'paid_amount': 15.0, 'exit-entry': -150.0}
2025-07-19 14:34:06,222 - WARNING - INVALID EXIT!! {'event_id': 'E012', 'vehicle_id': 'V005', 'zone_id': 'Z001', 'entry_time': Timestamp('2024-07-18 13:00:00'), 'exit_time': Timestamp('2024-07-18 12:00:00'), 'paid_amount': -20.0, 'exit-entry': -60.0}
2025-07-19 14:34:06,222 - WARNING - INVALID EXIT!! {'event_id': 'E014', 'vehicle_id': 'V056', 'zone_id': 'Z001', 'entry_time': Timestamp('2024-07-18 14:00:00'), 'exit_time': Timestamp('2024-07-18 12:00:00'), 'paid_amount': 20.0, 'exit-entry': -120.0}
2025-07-19 14:34:06,223 - WARNING - INVALID EXIT!! {'event_id': 'E022', 'vehicle_id': 'V015', 'zone_id': 'Z004', 'entry_time': Timestamp('2024-07-18 12:15:00'), 'exit_time': Timestamp('2024-07-18 10:45:00'), 'paid_amount': 35.0, 'exit-entry': -90.0}
2025-07-19 14:34:12,553 - WARNING - PAID AMOUNT NEGATIVE. RECORD FLAGGED. {'event_id': 'E002', 'vehicle_id': 'V002', 'zone_id': 'Z002', 'entry_time': Timestamp('2024-07-18 09:00:00'), 'exit_time': Timestamp('2024-07-18 11:00:00'), 'paid_amount': -80.0, 'exit-entry': 120.0, 'flagged': 1}
2025-07-19 14:34:12,563 - WARNING - INVALID EXIT-ENTRY TIME. RECORD FLAGGED. {'event_id': 'E006', 'vehicle_id': 'V005', 'zone_id': 'Z003', 'entry_time': Timestamp('2024-07-15 18:00:00'), 'exit_time': Timestamp('2024-07-15 15:30:00'), 'paid_amount': 15.0, 'exit-entry': -150.0, 'flagged': 1}
2025-07-19 14:34:12,564 - WARNING - PAID AMOUNT NEGATIVE. RECORD FLAGGED. {'event_id': 'E007', 'vehicle_id': 'V002', 'zone_id': 'Z001', 'entry_time': Timestamp('2024-07-14 08:00:00'), 'exit_time': Timestamp('2024-07-14 09:00:00'), 'paid_amount': -50.0, 'exit-entry': 60.0, 'flagged': 1}
2025-07-19 14:34:12,565 - WARNING - PAID AMOUNT NEGATIVE. RECORD FLAGGED. {'event_id': 'E012', 'vehicle_id': 'V005', 'zone_id': 'Z001', 'entry_time': Timestamp('2024-07-18 13:00:00'), 'exit_time': Timestamp('2024-07-18 12:00:00'), 'paid_amount': -20.0, 'exit-entry': -60.0, 'flagged': 1}
2025-07-19 14:34:12,566 - WARNING - INVALID EXIT-ENTRY TIME. RECORD FLAGGED. {'event_id': 'E012', 'vehicle_id': 'V005', 'zone_id': 'Z001', 'entry_time': Timestamp('2024-07-18 13:00:00'), 'exit_time': Timestamp('2024-07-18 12:00:00'), 'paid_amount': -20.0, 'exit-entry': -60.0, 'flagged': 1}
2025-07-19 14:34:12,567 - WARNING - INVALID EXIT-ENTRY TIME. RECORD FLAGGED. {'event_id': 'E014', 'vehicle_id': 'V056', 'zone_id': 'Z001', 'entry_time': Timestamp('2024-07-18 14:00:00'), 'exit_time': Timestamp('2024-07-18 12:00:00'), 'paid_amount': 20.0, 'exit-entry': -120.0, 'flagged': 1}
2025-07-19 14:34:12,568 - WARNING - PAID AMOUNT NEGATIVE. RECORD FLAGGED. {'event_id': 'E017', 'vehicle_id': 'V010', 'zone_id': 'Z004', 'entry_time': Timestamp('2024-07-19 09:15:00'), 'exit_time': Timestamp('2024-07-19 10:00:00'), 'paid_amount': -30.0, 'exit-entry': 45.0, 'flagged': 1}
2025-07-19 14:34:12,569 - WARNING - INVALID EXIT-ENTRY TIME. RECORD FLAGGED. {'event_id': 'E022', 'vehicle_id': 'V015', 'zone_id': 'Z004', 'entry_time': Timestamp('2024-07-18 12:15:00'), 'exit_time': Timestamp('2024-07-18 10:45:00'), 'paid_amount': 35.0, 'exit-entry': -90.0, 'flagged': 1}
